<?xml version="1.0" encoding="UTF-8"?>
<testng-results skipped="0" failed="0" ignored="0" total="1" passed="1">
  <reporter-output>
  </reporter-output>
  <suite name="Default suite" duration-ms="1914" started-at="2019-07-12T21:19:50Z" finished-at="2019-07-12T21:19:52Z">
    <groups>
    </groups>
    <test name="Default test" duration-ms="1914" started-at="2019-07-12T21:19:50Z" finished-at="2019-07-12T21:19:52Z">
      <class name="ilkdeneme">
        <test-method status="PASS" signature="getBook()[pri:0, instance:ilkdeneme@523884b2]" name="getBook" duration-ms="1890" started-at="2019-07-12T21:19:50Z" finished-at="2019-07-12T21:19:52Z">
          <reporter-output>
          </reporter-output>
        </test-method> <!-- getBook -->
      </class> <!-- ilkdeneme -->
    </test> <!-- Default test -->
  </suite> <!-- Default suite -->
</testng-results>
